2020/12/21----08:58:18pm
The gateway object did not initialized correctly.
2020/12/21----10:23:33pm
The gateway object did not initialized correctly.
2020/12/25----04:20:10pm
Message: Products with invalid name, quantity, currency, or price were found
Invalid tax amount (or currency) specified, at least one cart item includes taxes
Invalid total amount (or currency)
Invalid shipping lines found
2020/12/25----04:20:52pm
Message: Products with invalid name, quantity, currency, or price were found
Invalid tax amount (or currency) specified, at least one cart item includes taxes
Invalid total amount (or currency)
Invalid shipping lines found
2020/12/25----04:23:42pm
Message: Products with invalid name, quantity, currency, or price were found
Invalid tax amount (or currency) specified, at least one cart item includes taxes
Invalid total amount (or currency)
Invalid shipping lines found
2020/12/25----04:24:16pm
Message: Products with invalid name, quantity, currency, or price were found
Invalid tax amount (or currency) specified, at least one cart item includes taxes
Invalid total amount (or currency)
Invalid shipping lines found
2020/12/25----05:18:55pm
The gateway object did not initialized correctly.
2020/12/25----05:19:08pm
The gateway object did not initialized correctly.
2020/12/25----05:33:41pm
The gateway object did not initialized correctly.
2020/12/25----05:54:25pm
{"refundId":"58313280-a69a-4544-bc5f-9c518d8bba16","refundDate":"2020-12-25T15:54:25+11:00","reference":"L5429-953896-RTX","commissionAmount":0}
2020/12/25----05:54:59pm
Message: Resource not found
2020/12/25----06:43:11pm
{"refundId":"17251150-e12a-4bc0-a1df-5e379c5775a3","refundDate":"2020-12-25T16:43:11+11:00","reference":"L5429-661548-RNK","commissionAmount":0}
2020/12/25----06:54:11pm
{"refundId":"02805626-59de-41b3-acae-286afb5aba70","refundDate":"2020-12-25T16:54:11+11:00","reference":"L5429-113131-TEC","commissionAmount":0}
2020/12/25----06:55:20pm
Message: Resource not found
2021/01/22----04:38:10pm
The gateway object did not initialized correctly.
2021/01/22----04:38:29pm
The gateway object did not initialized correctly.
2021/01/22----04:38:35pm
The gateway object did not initialized correctly.
2021/01/22----04:39:12pm
The gateway object did not initialized correctly.
2021/01/22----04:39:33pm
The gateway object did not initialized correctly.
2021/01/22----04:39:38pm
The gateway object did not initialized correctly.
2021/01/22----04:39:43pm
The gateway object did not initialized correctly.
2021/01/22----04:40:51pm
The gateway object did not initialized correctly.
2021/01/22----04:40:54pm
The gateway object did not initialized correctly.
2021/01/22----04:40:59pm
The gateway object did not initialized correctly.
2021/01/22----04:41:37pm
The gateway object did not initialized correctly.
2021/01/22----04:41:38pm
The gateway object did not initialized correctly.
2021/01/22----04:41:41pm
The gateway object did not initialized correctly.
2021/01/22----04:41:48pm
The gateway object did not initialized correctly.
2021/01/22----04:41:48pm
The gateway object did not initialized correctly.
2021/01/22----04:41:54pm
The gateway object did not initialized correctly.
2021/01/22----04:54:36pm
{"fc":"module","module":"latitude_official","controller":"return","id_lang":"1","token":"365c8c3c-961f-4d68-a6cc-d0a9949db902","reference":"ICEQLDBUV","message":"The customer cancelled the purchase.","result":"FAILED","signature":"74b8ec1e9915e11a0737c0cbeab948157dd976af8a9c3caf52c51ec457940837"}
2021/02/23----03:43:00pm
Message: Products with invalid name, quantity, currency, or price were found
Invalid total amount (or currency)
Invalid shipping lines found
2021/02/23----03:53:19pm
Message: Products with invalid name, quantity, currency, or price were found
Invalid total amount (or currency)
Invalid shipping lines found
2021/02/23----03:54:41pm
Message: Products with invalid name, quantity, currency, or price were found
Invalid total amount (or currency)
Invalid shipping lines found
2021/02/23----03:57:58pm
Message: Products with invalid name, quantity, currency, or price were found
Invalid total amount (or currency)
Invalid shipping lines found
2021/02/23----03:58:28pm
Message: Products with invalid name, quantity, currency, or price were found
Invalid total amount (or currency)
Invalid shipping lines found
2021/02/23----04:06:04pm
Message: Products with invalid name, quantity, currency, or price were found
Invalid total amount (or currency)
Invalid shipping lines found
2021/02/23----04:10:59pm
Message: Invalid signature
2021/02/23----04:46:34pm
Message: Products with invalid name, quantity, currency, or price were found
Invalid total amount (or currency)
Invalid shipping lines found
2021/03/03----05:54:53pm
{"fc":"module","module":"latitude_official","controller":"return","id_lang":"1","token":"a5533104-4874-4e77-9c32-42dbdc2fbfee","reference":"ORRBKMIHB","message":"The customer cancelled the purchase.","result":"FAILED","signature":"68cd4f1b11bbe58410e60e6d497b29f1c3781859930544fd54a46d86a59836dd"}
2021/03/03----05:55:55pm
Message: Products with invalid name, quantity, currency, or price were found
Invalid total amount (or currency)
Invalid shipping lines found