2020/12/21----09:35:53pm
======DEBUG INFO STARTS======
REQUEST:

GET /v3/configuration? HTTP/1.1
Host: api.uat.genoapay.com
User-Agent: MageBinary BinaryPay API Integration Engine
api-version: v3
Content-Type: application/com.genoapay.ecom-v3.0+json
Accept: application/com.genoapay.ecom-v3.0+json
Authorization: Bearer 030b28ab-abc7-4ddb-8ed6-aee0702cab65



RESPONSE:
{"status":200,"body":"{\"name\":\"LatitudePay\",\"description\":\"<p>With LatitudePay you can pay for your products or services over 10 weekly payments, with NO interest and NO fees.<br \/>All you need to get approved is a Australian driver licence or passport and a valid Debit or Credit card.<p><p>When selecting LatitudePay you will be redirected to a secure payments page to complete your purchase.<\/p>\",\"minimumAmount\":20.00,\"maximumAmount\":1500,\"availability\":[{\"country\":\"Australia\",\"countryCode\":\"AU\",\"currency\":\"AUD\",\"currencySymbol\":\"$\"}]}"}

======DEBUG INFO ENDS========



2020/12/21----09:36:37pm
======DEBUG INFO STARTS======
REQUEST:

GET /v3/configuration? HTTP/1.1
Host: api.uat.genoapay.com
User-Agent: MageBinary BinaryPay API Integration Engine
api-version: v3
Content-Type: application/com.genoapay.ecom-v3.0+json
Accept: application/com.genoapay.ecom-v3.0+json
Authorization: Bearer 030b28ab-abc7-4ddb-8ed6-aee0702cab65



RESPONSE:
{"status":200,"body":"{\"name\":\"LatitudePay\",\"description\":\"<p>With LatitudePay you can pay for your products or services over 10 weekly payments, with NO interest and NO fees.<br \/>All you need to get approved is a Australian driver licence or passport and a valid Debit or Credit card.<p><p>When selecting LatitudePay you will be redirected to a secure payments page to complete your purchase.<\/p>\",\"minimumAmount\":20.00,\"maximumAmount\":1500,\"availability\":[{\"country\":\"Australia\",\"countryCode\":\"AU\",\"currency\":\"AUD\",\"currencySymbol\":\"$\"}]}"}

======DEBUG INFO ENDS========



2020/12/21----10:34:46pm
======DEBUG INFO STARTS======
REQUEST:

GET /v3/configuration? HTTP/1.1
Host: api.uat.genoapay.com
User-Agent: MageBinary BinaryPay API Integration Engine
api-version: v3
Content-Type: application/com.genoapay.ecom-v3.0+json
Accept: application/com.genoapay.ecom-v3.0+json
Authorization: Bearer bcd2a112-4f45-4de9-b6b8-eb6cb262a68d



RESPONSE:
{"status":200,"body":"{\"name\":\"Genoapay\",\"description\":\"<p>With Genoapay you can pay for your products or services over 10 weekly payments, with NO interest and NO fees.<br \/>All you need to get approved is a New Zealand driver licence or passport and a valid Debit or Credit card.<p><p>When selecting Genoapay you will be redirected to a secure payments page to complete your purchase.<\/p>\",\"minimumAmount\":20.00,\"maximumAmount\":1500,\"availability\":[{\"country\":\"New Zealand\",\"countryCode\":\"NZ\",\"currency\":\"NZD\",\"currencySymbol\":\"$\"}]}"}

======DEBUG INFO ENDS========



2020/12/21----10:35:38pm
======DEBUG INFO STARTS======
REQUEST:

POST /v3/sale/online?signature=dd656ca0a5b58dc82fea4518683238512fc1a79515b495e9ba6c8c0258ada5bc HTTP/1.1
Host: api.uat.genoapay.com
User-Agent: MageBinary BinaryPay API Integration Engine
api-version: v3
Content-Type: application/com.genoapay.ecom-v3.0+json
Accept: application/com.genoapay.ecom-v3.0+json
Authorization: Bearer bcd2a112-4f45-4de9-b6b8-eb6cb262a68d
Content-Length: 981

{"totalAmount":{"amount":21.99,"currency":"NZD"},"returnUrls":{"successUrl":"http://ps1770.local/index.php?fc=module&module=latitude_official&controller=return","failUrl":"http://ps1770.local/index.php?fc=module&module=latitude_official&controller=return"},"reference":"LCKZTPYWE","customer":{"mobileNumber":"0210123456","firstName":"Tyler","surname":"Nguyen","email":"tyler@magebinary.com"},"shippingAddress":{"addressLine1":"75-81 Railway Avenue","suburb":"LAVERTON","cityTown":"LAVERTON","postcode":"3028","countryCode":"New Zealand"},"billingAddress":{"addressLine1":"75-81 Railway Avenue","suburb":"LAVERTON","cityTown":"LAVERTON","postcode":"3028","countryCode":"New Zealand"},"products":[{"name":"Hummingbird printed t-shirt","price":{"amount":21.99,"currency":"NZD"},"sku":"demo_1","quantity":1,"taxIncluded":1}],"taxAmount":{"amount":2.87,"currency":"NZD"},"shippingLines":[{"carrier":"Latitude Finance Local Store","price":{"amount":0,"currency":"NZD"},"taxIncluded":1}]}

RESPONSE:
{"status":200,"body":"{\"token\":\"864f445b-67a6-40bd-a496-7e5a487a54bb\",\"paymentUrl\":\"https:\/\/app.uat.genoapay.com\/r\/FZBBZLHH\",\"expiryDate\":\"2020-12-22T22:35:38+13:00\"}"}

======DEBUG INFO ENDS========



2020/12/21----10:36:08pm
======DEBUG INFO STARTS======
REQUEST:

POST /v3/sale/online?signature=6900092b99944c0537b8f95f0a1a88cd53f9a70b1a51aa8a9cbf2ab7039e3758 HTTP/1.1
Host: api.uat.genoapay.com
User-Agent: MageBinary BinaryPay API Integration Engine
api-version: v3
Content-Type: application/com.genoapay.ecom-v3.0+json
Accept: application/com.genoapay.ecom-v3.0+json
Authorization: Bearer bcd2a112-4f45-4de9-b6b8-eb6cb262a68d
Content-Length: 981

{"totalAmount":{"amount":21.99,"currency":"NZD"},"returnUrls":{"successUrl":"http://ps1770.local/index.php?fc=module&module=latitude_official&controller=return","failUrl":"http://ps1770.local/index.php?fc=module&module=latitude_official&controller=return"},"reference":"QFXRTSOHR","customer":{"mobileNumber":"0210123456","firstName":"Tyler","surname":"Nguyen","email":"tyler@magebinary.com"},"shippingAddress":{"addressLine1":"75-81 Railway Avenue","suburb":"LAVERTON","cityTown":"LAVERTON","postcode":"3028","countryCode":"New Zealand"},"billingAddress":{"addressLine1":"75-81 Railway Avenue","suburb":"LAVERTON","cityTown":"LAVERTON","postcode":"3028","countryCode":"New Zealand"},"products":[{"name":"Hummingbird printed t-shirt","price":{"amount":21.99,"currency":"NZD"},"sku":"demo_1","quantity":1,"taxIncluded":1}],"taxAmount":{"amount":2.87,"currency":"NZD"},"shippingLines":[{"carrier":"Latitude Finance Local Store","price":{"amount":0,"currency":"NZD"},"taxIncluded":1}]}

RESPONSE:
{"status":200,"body":"{\"token\":\"7e2b51d8-c2a9-4be5-b3ad-c55f5fc5ab2f\",\"paymentUrl\":\"https:\/\/app.uat.genoapay.com\/r\/MXPCDOTA\",\"expiryDate\":\"2020-12-22T22:36:08+13:00\"}"}

======DEBUG INFO ENDS========



2020/12/21----11:03:51pm
======DEBUG INFO STARTS======
REQUEST:

GET /v3/configuration? HTTP/1.1
Host: api.uat.genoapay.com
User-Agent: MageBinary BinaryPay API Integration Engine
api-version: v3
Content-Type: application/com.genoapay.ecom-v3.0+json
Accept: application/com.genoapay.ecom-v3.0+json
Authorization: Bearer bcd2a112-4f45-4de9-b6b8-eb6cb262a68d



RESPONSE:
{"status":200,"body":"{\"name\":\"Genoapay\",\"description\":\"<p>With Genoapay you can pay for your products or services over 10 weekly payments, with NO interest and NO fees.<br \/>All you need to get approved is a New Zealand driver licence or passport and a valid Debit or Credit card.<p><p>When selecting Genoapay you will be redirected to a secure payments page to complete your purchase.<\/p>\",\"minimumAmount\":20.00,\"maximumAmount\":1500,\"availability\":[{\"country\":\"New Zealand\",\"countryCode\":\"NZ\",\"currency\":\"NZD\",\"currencySymbol\":\"$\"}]}"}

======DEBUG INFO ENDS========



2020/12/21----11:04:49pm
======DEBUG INFO STARTS======
REQUEST:

GET /v3/configuration? HTTP/1.1
Host: api.uat.genoapay.com
User-Agent: MageBinary BinaryPay API Integration Engine
api-version: v3
Content-Type: application/com.genoapay.ecom-v3.0+json
Accept: application/com.genoapay.ecom-v3.0+json
Authorization: Bearer bcd2a112-4f45-4de9-b6b8-eb6cb262a68d



RESPONSE:
{"status":200,"body":"{\"name\":\"Genoapay\",\"description\":\"<p>With Genoapay you can pay for your products or services over 10 weekly payments, with NO interest and NO fees.<br \/>All you need to get approved is a New Zealand driver licence or passport and a valid Debit or Credit card.<p><p>When selecting Genoapay you will be redirected to a secure payments page to complete your purchase.<\/p>\",\"minimumAmount\":20.00,\"maximumAmount\":1500,\"availability\":[{\"country\":\"New Zealand\",\"countryCode\":\"NZ\",\"currency\":\"NZD\",\"currencySymbol\":\"$\"}]}"}

======DEBUG INFO ENDS========



2020/12/21----11:05:11pm
======DEBUG INFO STARTS======
REQUEST:

GET /v3/configuration? HTTP/1.1
Host: api.uat.genoapay.com
User-Agent: MageBinary BinaryPay API Integration Engine
api-version: v3
Content-Type: application/com.genoapay.ecom-v3.0+json
Accept: application/com.genoapay.ecom-v3.0+json
Authorization: Bearer bcd2a112-4f45-4de9-b6b8-eb6cb262a68d



RESPONSE:
{"status":200,"body":"{\"name\":\"Genoapay\",\"description\":\"<p>With Genoapay you can pay for your products or services over 10 weekly payments, with NO interest and NO fees.<br \/>All you need to get approved is a New Zealand driver licence or passport and a valid Debit or Credit card.<p><p>When selecting Genoapay you will be redirected to a secure payments page to complete your purchase.<\/p>\",\"minimumAmount\":20.00,\"maximumAmount\":1500,\"availability\":[{\"country\":\"New Zealand\",\"countryCode\":\"NZ\",\"currency\":\"NZD\",\"currencySymbol\":\"$\"}]}"}

======DEBUG INFO ENDS========



2020/12/21----11:05:51pm
======DEBUG INFO STARTS======
REQUEST:

GET /v3/configuration? HTTP/1.1
Host: api.uat.genoapay.com
User-Agent: MageBinary BinaryPay API Integration Engine
api-version: v3
Content-Type: application/com.genoapay.ecom-v3.0+json
Accept: application/com.genoapay.ecom-v3.0+json
Authorization: Bearer bcd2a112-4f45-4de9-b6b8-eb6cb262a68d



RESPONSE:
{"status":200,"body":"{\"name\":\"Genoapay\",\"description\":\"<p>With Genoapay you can pay for your products or services over 10 weekly payments, with NO interest and NO fees.<br \/>All you need to get approved is a New Zealand driver licence or passport and a valid Debit or Credit card.<p><p>When selecting Genoapay you will be redirected to a secure payments page to complete your purchase.<\/p>\",\"minimumAmount\":20.00,\"maximumAmount\":1500,\"availability\":[{\"country\":\"New Zealand\",\"countryCode\":\"NZ\",\"currency\":\"NZD\",\"currencySymbol\":\"$\"}]}"}

======DEBUG INFO ENDS========



2020/12/21----11:06:37pm
======DEBUG INFO STARTS======
REQUEST:

GET /v3/configuration? HTTP/1.1
Host: api.uat.genoapay.com
User-Agent: MageBinary BinaryPay API Integration Engine
api-version: v3
Content-Type: application/com.genoapay.ecom-v3.0+json
Accept: application/com.genoapay.ecom-v3.0+json
Authorization: Bearer bcd2a112-4f45-4de9-b6b8-eb6cb262a68d



RESPONSE:
{"status":200,"body":"{\"name\":\"Genoapay\",\"description\":\"<p>With Genoapay you can pay for your products or services over 10 weekly payments, with NO interest and NO fees.<br \/>All you need to get approved is a New Zealand driver licence or passport and a valid Debit or Credit card.<p><p>When selecting Genoapay you will be redirected to a secure payments page to complete your purchase.<\/p>\",\"minimumAmount\":20.00,\"maximumAmount\":1500,\"availability\":[{\"country\":\"New Zealand\",\"countryCode\":\"NZ\",\"currency\":\"NZD\",\"currencySymbol\":\"$\"}]}"}

======DEBUG INFO ENDS========



2020/12/21----11:08:59pm
======DEBUG INFO STARTS======
REQUEST:

GET /v3/configuration? HTTP/1.1
Host: api.uat.genoapay.com
User-Agent: MageBinary BinaryPay API Integration Engine
api-version: v3
Content-Type: application/com.genoapay.ecom-v3.0+json
Accept: application/com.genoapay.ecom-v3.0+json
Authorization: Bearer bcd2a112-4f45-4de9-b6b8-eb6cb262a68d



RESPONSE:
{"status":200,"body":"{\"name\":\"Genoapay\",\"description\":\"<p>With Genoapay you can pay for your products or services over 10 weekly payments, with NO interest and NO fees.<br \/>All you need to get approved is a New Zealand driver licence or passport and a valid Debit or Credit card.<p><p>When selecting Genoapay you will be redirected to a secure payments page to complete your purchase.<\/p>\",\"minimumAmount\":20.00,\"maximumAmount\":1500,\"availability\":[{\"country\":\"New Zealand\",\"countryCode\":\"NZ\",\"currency\":\"NZD\",\"currencySymbol\":\"$\"}]}"}

======DEBUG INFO ENDS========



2020/12/21----11:10:45pm
======DEBUG INFO STARTS======
REQUEST:

GET /v3/configuration? HTTP/1.1
Host: api.uat.genoapay.com
User-Agent: MageBinary BinaryPay API Integration Engine
api-version: v3
Content-Type: application/com.genoapay.ecom-v3.0+json
Accept: application/com.genoapay.ecom-v3.0+json
Authorization: Bearer bcd2a112-4f45-4de9-b6b8-eb6cb262a68d



RESPONSE:
{"status":200,"body":"{\"name\":\"Genoapay\",\"description\":\"<p>With Genoapay you can pay for your products or services over 10 weekly payments, with NO interest and NO fees.<br \/>All you need to get approved is a New Zealand driver licence or passport and a valid Debit or Credit card.<p><p>When selecting Genoapay you will be redirected to a secure payments page to complete your purchase.<\/p>\",\"minimumAmount\":20.00,\"maximumAmount\":1500,\"availability\":[{\"country\":\"New Zealand\",\"countryCode\":\"NZ\",\"currency\":\"NZD\",\"currencySymbol\":\"$\"}]}"}

======DEBUG INFO ENDS========



2020/12/21----11:11:53pm
======DEBUG INFO STARTS======
REQUEST:

GET /v3/configuration? HTTP/1.1
Host: api.uat.genoapay.com
User-Agent: MageBinary BinaryPay API Integration Engine
api-version: v3
Content-Type: application/com.genoapay.ecom-v3.0+json
Accept: application/com.genoapay.ecom-v3.0+json
Authorization: Bearer bcd2a112-4f45-4de9-b6b8-eb6cb262a68d



RESPONSE:
{"status":200,"body":"{\"name\":\"Genoapay\",\"description\":\"<p>With Genoapay you can pay for your products or services over 10 weekly payments, with NO interest and NO fees.<br \/>All you need to get approved is a New Zealand driver licence or passport and a valid Debit or Credit card.<p><p>When selecting Genoapay you will be redirected to a secure payments page to complete your purchase.<\/p>\",\"minimumAmount\":20.00,\"maximumAmount\":1500,\"availability\":[{\"country\":\"New Zealand\",\"countryCode\":\"NZ\",\"currency\":\"NZD\",\"currencySymbol\":\"$\"}]}"}

======DEBUG INFO ENDS========



2020/12/21----11:13:54pm
======DEBUG INFO STARTS======
REQUEST:

GET /v3/configuration? HTTP/1.1
Host: api.uat.genoapay.com
User-Agent: MageBinary BinaryPay API Integration Engine
api-version: v3
Content-Type: application/com.genoapay.ecom-v3.0+json
Accept: application/com.genoapay.ecom-v3.0+json
Authorization: Bearer bcd2a112-4f45-4de9-b6b8-eb6cb262a68d



RESPONSE:
{"status":200,"body":"{\"name\":\"Genoapay\",\"description\":\"<p>With Genoapay you can pay for your products or services over 10 weekly payments, with NO interest and NO fees.<br \/>All you need to get approved is a New Zealand driver licence or passport and a valid Debit or Credit card.<p><p>When selecting Genoapay you will be redirected to a secure payments page to complete your purchase.<\/p>\",\"minimumAmount\":20.00,\"maximumAmount\":1500,\"availability\":[{\"country\":\"New Zealand\",\"countryCode\":\"NZ\",\"currency\":\"NZD\",\"currencySymbol\":\"$\"}]}"}

======DEBUG INFO ENDS========



2020/12/21----11:14:17pm
======DEBUG INFO STARTS======
REQUEST:

GET /v3/configuration? HTTP/1.1
Host: api.uat.genoapay.com
User-Agent: MageBinary BinaryPay API Integration Engine
api-version: v3
Content-Type: application/com.genoapay.ecom-v3.0+json
Accept: application/com.genoapay.ecom-v3.0+json
Authorization: Bearer bcd2a112-4f45-4de9-b6b8-eb6cb262a68d



RESPONSE:
{"status":200,"body":"{\"name\":\"Genoapay\",\"description\":\"<p>With Genoapay you can pay for your products or services over 10 weekly payments, with NO interest and NO fees.<br \/>All you need to get approved is a New Zealand driver licence or passport and a valid Debit or Credit card.<p><p>When selecting Genoapay you will be redirected to a secure payments page to complete your purchase.<\/p>\",\"minimumAmount\":20.00,\"maximumAmount\":1500,\"availability\":[{\"country\":\"New Zealand\",\"countryCode\":\"NZ\",\"currency\":\"NZD\",\"currencySymbol\":\"$\"}]}"}

======DEBUG INFO ENDS========



2020/12/21----11:15:05pm
======DEBUG INFO STARTS======
REQUEST:

GET /v3/configuration? HTTP/1.1
Host: api.uat.genoapay.com
User-Agent: MageBinary BinaryPay API Integration Engine
api-version: v3
Content-Type: application/com.genoapay.ecom-v3.0+json
Accept: application/com.genoapay.ecom-v3.0+json
Authorization: Bearer bcd2a112-4f45-4de9-b6b8-eb6cb262a68d



RESPONSE:
{"status":200,"body":"{\"name\":\"Genoapay\",\"description\":\"<p>With Genoapay you can pay for your products or services over 10 weekly payments, with NO interest and NO fees.<br \/>All you need to get approved is a New Zealand driver licence or passport and a valid Debit or Credit card.<p><p>When selecting Genoapay you will be redirected to a secure payments page to complete your purchase.<\/p>\",\"minimumAmount\":20.00,\"maximumAmount\":1500,\"availability\":[{\"country\":\"New Zealand\",\"countryCode\":\"NZ\",\"currency\":\"NZD\",\"currencySymbol\":\"$\"}]}"}

======DEBUG INFO ENDS========



2020/12/21----11:31:57pm
======DEBUG INFO STARTS======
REQUEST:

GET /v3/configuration? HTTP/1.1
Host: api.uat.genoapay.com
User-Agent: MageBinary BinaryPay API Integration Engine
api-version: v3
Content-Type: application/com.genoapay.ecom-v3.0+json
Accept: application/com.genoapay.ecom-v3.0+json
Authorization: Bearer bcd2a112-4f45-4de9-b6b8-eb6cb262a68d



RESPONSE:
{"status":200,"body":"{\"name\":\"Genoapay\",\"description\":\"<p>With Genoapay you can pay for your products or services over 10 weekly payments, with NO interest and NO fees.<br \/>All you need to get approved is a New Zealand driver licence or passport and a valid Debit or Credit card.<p><p>When selecting Genoapay you will be redirected to a secure payments page to complete your purchase.<\/p>\",\"minimumAmount\":20.00,\"maximumAmount\":1500,\"availability\":[{\"country\":\"New Zealand\",\"countryCode\":\"NZ\",\"currency\":\"NZD\",\"currencySymbol\":\"$\"}]}"}

======DEBUG INFO ENDS========



2020/12/21----11:33:37pm
======DEBUG INFO STARTS======
REQUEST:

GET /v3/configuration? HTTP/1.1
Host: api.uat.genoapay.com
User-Agent: MageBinary BinaryPay API Integration Engine
api-version: v3
Content-Type: application/com.genoapay.ecom-v3.0+json
Accept: application/com.genoapay.ecom-v3.0+json
Authorization: Bearer 59c2e74a-9181-4d02-bf9a-01ba8855162a



RESPONSE:
{"status":200,"body":"{\"name\":\"Genoapay\",\"description\":\"<p>With Genoapay you can pay for your products or services over 10 weekly payments, with NO interest and NO fees.<br \/>All you need to get approved is a New Zealand driver licence or passport and a valid Debit or Credit card.<p><p>When selecting Genoapay you will be redirected to a secure payments page to complete your purchase.<\/p>\",\"minimumAmount\":20.00,\"maximumAmount\":1500,\"availability\":[{\"country\":\"New Zealand\",\"countryCode\":\"NZ\",\"currency\":\"NZD\",\"currencySymbol\":\"$\"}]}"}

======DEBUG INFO ENDS========



2020/12/21----11:33:47pm
======DEBUG INFO STARTS======
REQUEST:

GET /v3/configuration? HTTP/1.1
Host: api.uat.genoapay.com
User-Agent: MageBinary BinaryPay API Integration Engine
api-version: v3
Content-Type: application/com.genoapay.ecom-v3.0+json
Accept: application/com.genoapay.ecom-v3.0+json
Authorization: Bearer 59c2e74a-9181-4d02-bf9a-01ba8855162a



RESPONSE:
{"status":200,"body":"{\"name\":\"Genoapay\",\"description\":\"<p>With Genoapay you can pay for your products or services over 10 weekly payments, with NO interest and NO fees.<br \/>All you need to get approved is a New Zealand driver licence or passport and a valid Debit or Credit card.<p><p>When selecting Genoapay you will be redirected to a secure payments page to complete your purchase.<\/p>\",\"minimumAmount\":20.00,\"maximumAmount\":1500,\"availability\":[{\"country\":\"New Zealand\",\"countryCode\":\"NZ\",\"currency\":\"NZD\",\"currencySymbol\":\"$\"}]}"}

======DEBUG INFO ENDS========



2020/12/21----11:35:20pm
======DEBUG INFO STARTS======
REQUEST:

GET /v3/configuration? HTTP/1.1
Host: api.uat.genoapay.com
User-Agent: MageBinary BinaryPay API Integration Engine
api-version: v3
Content-Type: application/com.genoapay.ecom-v3.0+json
Accept: application/com.genoapay.ecom-v3.0+json
Authorization: Bearer 59c2e74a-9181-4d02-bf9a-01ba8855162a



RESPONSE:
{"status":200,"body":"{\"name\":\"Genoapay\",\"description\":\"<p>With Genoapay you can pay for your products or services over 10 weekly payments, with NO interest and NO fees.<br \/>All you need to get approved is a New Zealand driver licence or passport and a valid Debit or Credit card.<p><p>When selecting Genoapay you will be redirected to a secure payments page to complete your purchase.<\/p>\",\"minimumAmount\":20.00,\"maximumAmount\":1500,\"availability\":[{\"country\":\"New Zealand\",\"countryCode\":\"NZ\",\"currency\":\"NZD\",\"currencySymbol\":\"$\"}]}"}

======DEBUG INFO ENDS========



2020/12/21----11:35:51pm
======DEBUG INFO STARTS======
REQUEST:

POST /v3/sale/online?signature=3feeea89ffcf10bddafb519289dad4adfd5d601c64a876ccdca84fa7267a29ee HTTP/1.1
Host: api.uat.genoapay.com
User-Agent: MageBinary BinaryPay API Integration Engine
api-version: v3
Content-Type: application/com.genoapay.ecom-v3.0+json
Accept: application/com.genoapay.ecom-v3.0+json
Authorization: Bearer 59c2e74a-9181-4d02-bf9a-01ba8855162a
Content-Length: 981

{"totalAmount":{"amount":21.99,"currency":"NZD"},"returnUrls":{"successUrl":"http://ps1770.local/index.php?fc=module&module=latitude_official&controller=return","failUrl":"http://ps1770.local/index.php?fc=module&module=latitude_official&controller=return"},"reference":"IREKTPKVM","customer":{"mobileNumber":"0210123456","firstName":"Tyler","surname":"Nguyen","email":"tyler@magebinary.com"},"shippingAddress":{"addressLine1":"75-81 Railway Avenue","suburb":"LAVERTON","cityTown":"LAVERTON","postcode":"3028","countryCode":"New Zealand"},"billingAddress":{"addressLine1":"75-81 Railway Avenue","suburb":"LAVERTON","cityTown":"LAVERTON","postcode":"3028","countryCode":"New Zealand"},"products":[{"name":"Hummingbird printed t-shirt","price":{"amount":21.99,"currency":"NZD"},"sku":"demo_1","quantity":1,"taxIncluded":1}],"taxAmount":{"amount":2.87,"currency":"NZD"},"shippingLines":[{"carrier":"Latitude Finance Local Store","price":{"amount":0,"currency":"NZD"},"taxIncluded":1}]}

RESPONSE:
{"status":200,"body":"{\"token\":\"7d43a722-80d8-4e66-a402-33ad1f5f818d\",\"paymentUrl\":\"https:\/\/app.uat.genoapay.com\/r\/BMYHZAXS\",\"expiryDate\":\"2020-12-22T23:35:51+13:00\"}"}

======DEBUG INFO ENDS========



2020/12/21----11:37:34pm
======DEBUG INFO STARTS======
REQUEST:

POST /v3/sale/online?signature=56e6bff36072c20e0927472b3ab8a7e54284efb52f890d09b6d22a4593144e2d HTTP/1.1
Host: api.uat.genoapay.com
User-Agent: MageBinary BinaryPay API Integration Engine
api-version: v3
Content-Type: application/com.genoapay.ecom-v3.0+json
Accept: application/com.genoapay.ecom-v3.0+json
Authorization: Bearer 59c2e74a-9181-4d02-bf9a-01ba8855162a
Content-Length: 981

{"totalAmount":{"amount":21.99,"currency":"NZD"},"returnUrls":{"successUrl":"http://ps1770.local/index.php?fc=module&module=latitude_official&controller=return","failUrl":"http://ps1770.local/index.php?fc=module&module=latitude_official&controller=return"},"reference":"TZFKPOANC","customer":{"mobileNumber":"0210123456","firstName":"Tyler","surname":"Nguyen","email":"tyler@magebinary.com"},"shippingAddress":{"addressLine1":"75-81 Railway Avenue","suburb":"LAVERTON","cityTown":"LAVERTON","postcode":"3028","countryCode":"New Zealand"},"billingAddress":{"addressLine1":"75-81 Railway Avenue","suburb":"LAVERTON","cityTown":"LAVERTON","postcode":"3028","countryCode":"New Zealand"},"products":[{"name":"Hummingbird printed t-shirt","price":{"amount":21.99,"currency":"NZD"},"sku":"demo_1","quantity":1,"taxIncluded":1}],"taxAmount":{"amount":2.87,"currency":"NZD"},"shippingLines":[{"carrier":"Latitude Finance Local Store","price":{"amount":0,"currency":"NZD"},"taxIncluded":1}]}

RESPONSE:
{"status":200,"body":"{\"token\":\"6512a10d-d57c-45ac-b30d-e350fcbb083d\",\"paymentUrl\":\"https:\/\/app.uat.genoapay.com\/r\/OCCVOBVW\",\"expiryDate\":\"2020-12-22T23:37:34+13:00\"}"}

======DEBUG INFO ENDS========



2020/12/21----11:40:05pm
======DEBUG INFO STARTS======
REQUEST:

POST /v3/sale/online?signature=44cfe4f1bf8378e390ef77917d193b57a070462be7c6e10c50ec4603dcc5cd34 HTTP/1.1
Host: api.uat.genoapay.com
User-Agent: MageBinary BinaryPay API Integration Engine
api-version: v3
Content-Type: application/com.genoapay.ecom-v3.0+json
Accept: application/com.genoapay.ecom-v3.0+json
Authorization: Bearer 59c2e74a-9181-4d02-bf9a-01ba8855162a
Content-Length: 981

{"totalAmount":{"amount":21.99,"currency":"NZD"},"returnUrls":{"successUrl":"http://ps1770.local/index.php?fc=module&module=latitude_official&controller=return","failUrl":"http://ps1770.local/index.php?fc=module&module=latitude_official&controller=return"},"reference":"WFZMUOJQT","customer":{"mobileNumber":"0210123456","firstName":"Tyler","surname":"Nguyen","email":"tyler@magebinary.com"},"shippingAddress":{"addressLine1":"75-81 Railway Avenue","suburb":"LAVERTON","cityTown":"LAVERTON","postcode":"3028","countryCode":"New Zealand"},"billingAddress":{"addressLine1":"75-81 Railway Avenue","suburb":"LAVERTON","cityTown":"LAVERTON","postcode":"3028","countryCode":"New Zealand"},"products":[{"name":"Hummingbird printed t-shirt","price":{"amount":21.99,"currency":"NZD"},"sku":"demo_1","quantity":1,"taxIncluded":1}],"taxAmount":{"amount":2.87,"currency":"NZD"},"shippingLines":[{"carrier":"Latitude Finance Local Store","price":{"amount":0,"currency":"NZD"},"taxIncluded":1}]}

RESPONSE:
{"status":200,"body":"{\"token\":\"8e7fbe3d-fb16-4acf-b310-e5dec36889df\",\"paymentUrl\":\"https:\/\/app.uat.genoapay.com\/r\/WETNEIXD\",\"expiryDate\":\"2020-12-22T23:40:05+13:00\"}"}

======DEBUG INFO ENDS========



2020/12/22----04:58:40pm
======DEBUG INFO STARTS======
REQUEST:

GET /v3/configuration? HTTP/1.1
Host: api.uat.genoapay.com
User-Agent: MageBinary BinaryPay API Integration Engine
api-version: v3
Content-Type: application/com.genoapay.ecom-v3.0+json
Accept: application/com.genoapay.ecom-v3.0+json
Authorization: Bearer 289e2828-768d-49fd-85df-0ec2c7a5cf7f



RESPONSE:
{"status":200,"body":"{\"name\":\"Genoapay\",\"description\":\"<p>With Genoapay you can pay for your products or services over 10 weekly payments, with NO interest and NO fees.<br \/>All you need to get approved is a New Zealand driver licence or passport and a valid Debit or Credit card.<p><p>When selecting Genoapay you will be redirected to a secure payments page to complete your purchase.<\/p>\",\"minimumAmount\":20.00,\"maximumAmount\":1500,\"availability\":[{\"country\":\"New Zealand\",\"countryCode\":\"NZ\",\"currency\":\"NZD\",\"currencySymbol\":\"$\"}]}"}

======DEBUG INFO ENDS========



2020/12/22----04:58:46pm
======DEBUG INFO STARTS======
REQUEST:

GET /v3/configuration? HTTP/1.1
Host: api.uat.genoapay.com
User-Agent: MageBinary BinaryPay API Integration Engine
api-version: v3
Content-Type: application/com.genoapay.ecom-v3.0+json
Accept: application/com.genoapay.ecom-v3.0+json
Authorization: Bearer 289e2828-768d-49fd-85df-0ec2c7a5cf7f



RESPONSE:
{"status":200,"body":"{\"name\":\"Genoapay\",\"description\":\"<p>With Genoapay you can pay for your products or services over 10 weekly payments, with NO interest and NO fees.<br \/>All you need to get approved is a New Zealand driver licence or passport and a valid Debit or Credit card.<p><p>When selecting Genoapay you will be redirected to a secure payments page to complete your purchase.<\/p>\",\"minimumAmount\":20.00,\"maximumAmount\":1500,\"availability\":[{\"country\":\"New Zealand\",\"countryCode\":\"NZ\",\"currency\":\"NZD\",\"currencySymbol\":\"$\"}]}"}

======DEBUG INFO ENDS========



2020/12/22----04:58:57pm
======DEBUG INFO STARTS======
REQUEST:

GET /v3/configuration? HTTP/1.1
Host: api.uat.genoapay.com
User-Agent: MageBinary BinaryPay API Integration Engine
api-version: v3
Content-Type: application/com.genoapay.ecom-v3.0+json
Accept: application/com.genoapay.ecom-v3.0+json
Authorization: Bearer 289e2828-768d-49fd-85df-0ec2c7a5cf7f



RESPONSE:
{"status":200,"body":"{\"name\":\"Genoapay\",\"description\":\"<p>With Genoapay you can pay for your products or services over 10 weekly payments, with NO interest and NO fees.<br \/>All you need to get approved is a New Zealand driver licence or passport and a valid Debit or Credit card.<p><p>When selecting Genoapay you will be redirected to a secure payments page to complete your purchase.<\/p>\",\"minimumAmount\":20.00,\"maximumAmount\":1500,\"availability\":[{\"country\":\"New Zealand\",\"countryCode\":\"NZ\",\"currency\":\"NZD\",\"currencySymbol\":\"$\"}]}"}

======DEBUG INFO ENDS========



2020/12/22----04:59:18pm
======DEBUG INFO STARTS======
REQUEST:

GET /v3/configuration? HTTP/1.1
Host: api.uat.genoapay.com
User-Agent: MageBinary BinaryPay API Integration Engine
api-version: v3
Content-Type: application/com.genoapay.ecom-v3.0+json
Accept: application/com.genoapay.ecom-v3.0+json
Authorization: Bearer 289e2828-768d-49fd-85df-0ec2c7a5cf7f



RESPONSE:
{"status":200,"body":"{\"name\":\"Genoapay\",\"description\":\"<p>With Genoapay you can pay for your products or services over 10 weekly payments, with NO interest and NO fees.<br \/>All you need to get approved is a New Zealand driver licence or passport and a valid Debit or Credit card.<p><p>When selecting Genoapay you will be redirected to a secure payments page to complete your purchase.<\/p>\",\"minimumAmount\":20.00,\"maximumAmount\":1500,\"availability\":[{\"country\":\"New Zealand\",\"countryCode\":\"NZ\",\"currency\":\"NZD\",\"currencySymbol\":\"$\"}]}"}

======DEBUG INFO ENDS========



2020/12/22----04:59:23pm
======DEBUG INFO STARTS======
REQUEST:

GET /v3/configuration? HTTP/1.1
Host: api.uat.genoapay.com
User-Agent: MageBinary BinaryPay API Integration Engine
api-version: v3
Content-Type: application/com.genoapay.ecom-v3.0+json
Accept: application/com.genoapay.ecom-v3.0+json
Authorization: Bearer 289e2828-768d-49fd-85df-0ec2c7a5cf7f



RESPONSE:
{"status":200,"body":"{\"name\":\"Genoapay\",\"description\":\"<p>With Genoapay you can pay for your products or services over 10 weekly payments, with NO interest and NO fees.<br \/>All you need to get approved is a New Zealand driver licence or passport and a valid Debit or Credit card.<p><p>When selecting Genoapay you will be redirected to a secure payments page to complete your purchase.<\/p>\",\"minimumAmount\":20.00,\"maximumAmount\":1500,\"availability\":[{\"country\":\"New Zealand\",\"countryCode\":\"NZ\",\"currency\":\"NZD\",\"currencySymbol\":\"$\"}]}"}

======DEBUG INFO ENDS========



2020/12/25----03:51:27pm
======DEBUG INFO STARTS======
REQUEST:

GET /v3/configuration? HTTP/1.1
Host: api.uat.genoapay.com
User-Agent: MageBinary BinaryPay API Integration Engine
api-version: v3
Content-Type: application/com.genoapay.ecom-v3.0+json
Accept: application/com.genoapay.ecom-v3.0+json
Authorization: Bearer 9dbe5dde-8a87-4d2e-b7c2-301c14f82254



RESPONSE:
{"status":200,"body":"{\"name\":\"Genoapay\",\"description\":\"<p>With Genoapay you can pay for your products or services over 10 weekly payments, with NO interest and NO fees.<br \/>All you need to get approved is a New Zealand driver licence or passport and a valid Debit or Credit card.<p><p>When selecting Genoapay you will be redirected to a secure payments page to complete your purchase.<\/p>\",\"minimumAmount\":20.00,\"maximumAmount\":1500,\"availability\":[{\"country\":\"New Zealand\",\"countryCode\":\"NZ\",\"currency\":\"NZD\",\"currencySymbol\":\"$\"}]}"}

======DEBUG INFO ENDS========



2020/12/25----03:53:17pm
======DEBUG INFO STARTS======
REQUEST:

GET /v3/configuration? HTTP/1.1
Host: api.uat.genoapay.com
User-Agent: MageBinary BinaryPay API Integration Engine
api-version: v3
Content-Type: application/com.genoapay.ecom-v3.0+json
Accept: application/com.genoapay.ecom-v3.0+json
Authorization: Bearer 9dbe5dde-8a87-4d2e-b7c2-301c14f82254



RESPONSE:
{"status":200,"body":"{\"name\":\"Genoapay\",\"description\":\"<p>With Genoapay you can pay for your products or services over 10 weekly payments, with NO interest and NO fees.<br \/>All you need to get approved is a New Zealand driver licence or passport and a valid Debit or Credit card.<p><p>When selecting Genoapay you will be redirected to a secure payments page to complete your purchase.<\/p>\",\"minimumAmount\":20.00,\"maximumAmount\":1500,\"availability\":[{\"country\":\"New Zealand\",\"countryCode\":\"NZ\",\"currency\":\"NZD\",\"currencySymbol\":\"$\"}]}"}

======DEBUG INFO ENDS========



2020/12/25----03:53:20pm
======DEBUG INFO STARTS======
REQUEST:

GET /v3/configuration? HTTP/1.1
Host: api.uat.genoapay.com
User-Agent: MageBinary BinaryPay API Integration Engine
api-version: v3
Content-Type: application/com.genoapay.ecom-v3.0+json
Accept: application/com.genoapay.ecom-v3.0+json
Authorization: Bearer 9dbe5dde-8a87-4d2e-b7c2-301c14f82254



RESPONSE:
{"status":200,"body":"{\"name\":\"Genoapay\",\"description\":\"<p>With Genoapay you can pay for your products or services over 10 weekly payments, with NO interest and NO fees.<br \/>All you need to get approved is a New Zealand driver licence or passport and a valid Debit or Credit card.<p><p>When selecting Genoapay you will be redirected to a secure payments page to complete your purchase.<\/p>\",\"minimumAmount\":20.00,\"maximumAmount\":1500,\"availability\":[{\"country\":\"New Zealand\",\"countryCode\":\"NZ\",\"currency\":\"NZD\",\"currencySymbol\":\"$\"}]}"}

======DEBUG INFO ENDS========



2020/12/25----03:53:23pm
======DEBUG INFO STARTS======
REQUEST:

GET /v3/configuration? HTTP/1.1
Host: api.uat.genoapay.com
User-Agent: MageBinary BinaryPay API Integration Engine
api-version: v3
Content-Type: application/com.genoapay.ecom-v3.0+json
Accept: application/com.genoapay.ecom-v3.0+json
Authorization: Bearer 9dbe5dde-8a87-4d2e-b7c2-301c14f82254



RESPONSE:
{"status":200,"body":"{\"name\":\"Genoapay\",\"description\":\"<p>With Genoapay you can pay for your products or services over 10 weekly payments, with NO interest and NO fees.<br \/>All you need to get approved is a New Zealand driver licence or passport and a valid Debit or Credit card.<p><p>When selecting Genoapay you will be redirected to a secure payments page to complete your purchase.<\/p>\",\"minimumAmount\":20.00,\"maximumAmount\":1500,\"availability\":[{\"country\":\"New Zealand\",\"countryCode\":\"NZ\",\"currency\":\"NZD\",\"currencySymbol\":\"$\"}]}"}

======DEBUG INFO ENDS========



2020/12/25----03:56:11pm
======DEBUG INFO STARTS======
REQUEST:

GET /v3/configuration? HTTP/1.1
Host: api.uat.genoapay.com
User-Agent: MageBinary BinaryPay API Integration Engine
api-version: v3
Content-Type: application/com.genoapay.ecom-v3.0+json
Accept: application/com.genoapay.ecom-v3.0+json
Authorization: Bearer 9dbe5dde-8a87-4d2e-b7c2-301c14f82254



RESPONSE:
{"status":200,"body":"{\"name\":\"Genoapay\",\"description\":\"<p>With Genoapay you can pay for your products or services over 10 weekly payments, with NO interest and NO fees.<br \/>All you need to get approved is a New Zealand driver licence or passport and a valid Debit or Credit card.<p><p>When selecting Genoapay you will be redirected to a secure payments page to complete your purchase.<\/p>\",\"minimumAmount\":20.00,\"maximumAmount\":1500,\"availability\":[{\"country\":\"New Zealand\",\"countryCode\":\"NZ\",\"currency\":\"NZD\",\"currencySymbol\":\"$\"}]}"}

======DEBUG INFO ENDS========



2020/12/25----03:58:08pm
======DEBUG INFO STARTS======
REQUEST:

GET /v3/configuration? HTTP/1.1
Host: api.uat.genoapay.com
User-Agent: MageBinary BinaryPay API Integration Engine
api-version: v3
Content-Type: application/com.genoapay.ecom-v3.0+json
Accept: application/com.genoapay.ecom-v3.0+json
Authorization: Bearer 9dbe5dde-8a87-4d2e-b7c2-301c14f82254



RESPONSE:
{"status":200,"body":"{\"name\":\"Genoapay\",\"description\":\"<p>With Genoapay you can pay for your products or services over 10 weekly payments, with NO interest and NO fees.<br \/>All you need to get approved is a New Zealand driver licence or passport and a valid Debit or Credit card.<p><p>When selecting Genoapay you will be redirected to a secure payments page to complete your purchase.<\/p>\",\"minimumAmount\":20.00,\"maximumAmount\":1500,\"availability\":[{\"country\":\"New Zealand\",\"countryCode\":\"NZ\",\"currency\":\"NZD\",\"currencySymbol\":\"$\"}]}"}

======DEBUG INFO ENDS========



2020/12/25----03:58:58pm
======DEBUG INFO STARTS======
REQUEST:

GET /v3/configuration? HTTP/1.1
Host: api.uat.genoapay.com
User-Agent: MageBinary BinaryPay API Integration Engine
api-version: v3
Content-Type: application/com.genoapay.ecom-v3.0+json
Accept: application/com.genoapay.ecom-v3.0+json
Authorization: Bearer 9dbe5dde-8a87-4d2e-b7c2-301c14f82254



RESPONSE:
{"status":200,"body":"{\"name\":\"Genoapay\",\"description\":\"<p>With Genoapay you can pay for your products or services over 10 weekly payments, with NO interest and NO fees.<br \/>All you need to get approved is a New Zealand driver licence or passport and a valid Debit or Credit card.<p><p>When selecting Genoapay you will be redirected to a secure payments page to complete your purchase.<\/p>\",\"minimumAmount\":20.00,\"maximumAmount\":1500,\"availability\":[{\"country\":\"New Zealand\",\"countryCode\":\"NZ\",\"currency\":\"NZD\",\"currencySymbol\":\"$\"}]}"}

======DEBUG INFO ENDS========



2020/12/25----04:07:07pm
======DEBUG INFO STARTS======
REQUEST:

GET /v3/configuration? HTTP/1.1
Host: api.uat.genoapay.com
User-Agent: MageBinary BinaryPay API Integration Engine
api-version: v3
Content-Type: application/com.genoapay.ecom-v3.0+json
Accept: application/com.genoapay.ecom-v3.0+json
Authorization: Bearer 9dbe5dde-8a87-4d2e-b7c2-301c14f82254



RESPONSE:
{"status":200,"body":"{\"name\":\"Genoapay\",\"description\":\"<p>With Genoapay you can pay for your products or services over 10 weekly payments, with NO interest and NO fees.<br \/>All you need to get approved is a New Zealand driver licence or passport and a valid Debit or Credit card.<p><p>When selecting Genoapay you will be redirected to a secure payments page to complete your purchase.<\/p>\",\"minimumAmount\":20.00,\"maximumAmount\":1500,\"availability\":[{\"country\":\"New Zealand\",\"countryCode\":\"NZ\",\"currency\":\"NZD\",\"currencySymbol\":\"$\"}]}"}

======DEBUG INFO ENDS========



2020/12/25----04:07:44pm
======DEBUG INFO STARTS======
REQUEST:

GET /v3/configuration? HTTP/1.1
Host: api.uat.genoapay.com
User-Agent: MageBinary BinaryPay API Integration Engine
api-version: v3
Content-Type: application/com.genoapay.ecom-v3.0+json
Accept: application/com.genoapay.ecom-v3.0+json
Authorization: Bearer 9dbe5dde-8a87-4d2e-b7c2-301c14f82254



RESPONSE:
{"status":200,"body":"{\"name\":\"Genoapay\",\"description\":\"<p>With Genoapay you can pay for your products or services over 10 weekly payments, with NO interest and NO fees.<br \/>All you need to get approved is a New Zealand driver licence or passport and a valid Debit or Credit card.<p><p>When selecting Genoapay you will be redirected to a secure payments page to complete your purchase.<\/p>\",\"minimumAmount\":20.00,\"maximumAmount\":1500,\"availability\":[{\"country\":\"New Zealand\",\"countryCode\":\"NZ\",\"currency\":\"NZD\",\"currencySymbol\":\"$\"}]}"}

======DEBUG INFO ENDS========



2020/12/25----04:07:57pm
======DEBUG INFO STARTS======
REQUEST:

GET /v3/configuration? HTTP/1.1
Host: api.uat.genoapay.com
User-Agent: MageBinary BinaryPay API Integration Engine
api-version: v3
Content-Type: application/com.genoapay.ecom-v3.0+json
Accept: application/com.genoapay.ecom-v3.0+json
Authorization: Bearer 9dbe5dde-8a87-4d2e-b7c2-301c14f82254



RESPONSE:
{"status":200,"body":"{\"name\":\"Genoapay\",\"description\":\"<p>With Genoapay you can pay for your products or services over 10 weekly payments, with NO interest and NO fees.<br \/>All you need to get approved is a New Zealand driver licence or passport and a valid Debit or Credit card.<p><p>When selecting Genoapay you will be redirected to a secure payments page to complete your purchase.<\/p>\",\"minimumAmount\":20.00,\"maximumAmount\":1500,\"availability\":[{\"country\":\"New Zealand\",\"countryCode\":\"NZ\",\"currency\":\"NZD\",\"currencySymbol\":\"$\"}]}"}

======DEBUG INFO ENDS========



2020/12/25----04:08:31pm
======DEBUG INFO STARTS======
REQUEST:

POST /v3/sale/online?signature=ec65151434541306052f42f14b15a289fd064614ec7de11ec875552940e091dd HTTP/1.1
Host: api.uat.genoapay.com
User-Agent: MageBinary BinaryPay API Integration Engine
api-version: v3
Content-Type: application/com.genoapay.ecom-v3.0+json
Accept: application/com.genoapay.ecom-v3.0+json
Authorization: Bearer 9dbe5dde-8a87-4d2e-b7c2-301c14f82254
Content-Length: 989

{"totalAmount":{"amount":66.7,"currency":"NZD"},"returnUrls":{"successUrl":"http://ps1770.local/index.php?fc=module&module=latitude_official&controller=return","failUrl":"http://ps1770.local/index.php?fc=module&module=latitude_official&controller=return"},"reference":"QHMKHVXUF","customer":{"mobileNumber":"0210123456","firstName":"Tyler","surname":"Nguyen","email":"tyler@magebinary.com"},"shippingAddress":{"addressLine1":"75-81 Railway Avenue","suburb":"LAVERTON","cityTown":"LAVERTON","postcode":"3028","countryCode":"New Zealand"},"billingAddress":{"addressLine1":"75-81 Railway Avenue","suburb":"LAVERTON","cityTown":"LAVERTON","postcode":"3028","countryCode":"New Zealand"},"products":[{"name":"The best is yet to come' Framed poster","price":{"amount":66.7,"currency":"NZD"},"sku":"demo_6","quantity":2,"taxIncluded":1}],"taxAmount":{"amount":8.7,"currency":"NZD"},"shippingLines":[{"carrier":"Latitude Finance Local Store","price":{"amount":0,"currency":"NZD"},"taxIncluded":1}]}

RESPONSE:
{"status":200,"body":"{\"token\":\"b99fe9f9-4e25-435c-87eb-dede2632c6dd\",\"paymentUrl\":\"https:\/\/app.uat.genoapay.com\/r\/TUSNMMKM\",\"expiryDate\":\"2020-12-26T16:08:30+13:00\"}"}

======DEBUG INFO ENDS========



2020/12/25----04:08:39pm
======DEBUG INFO STARTS======
REQUEST:

GET /v3/configuration? HTTP/1.1
Host: api.uat.genoapay.com
User-Agent: MageBinary BinaryPay API Integration Engine
api-version: v3
Content-Type: application/com.genoapay.ecom-v3.0+json
Accept: application/com.genoapay.ecom-v3.0+json
Authorization: Bearer 9dbe5dde-8a87-4d2e-b7c2-301c14f82254



RESPONSE:
{"status":200,"body":"{\"name\":\"Genoapay\",\"description\":\"<p>With Genoapay you can pay for your products or services over 10 weekly payments, with NO interest and NO fees.<br \/>All you need to get approved is a New Zealand driver licence or passport and a valid Debit or Credit card.<p><p>When selecting Genoapay you will be redirected to a secure payments page to complete your purchase.<\/p>\",\"minimumAmount\":20.00,\"maximumAmount\":1500,\"availability\":[{\"country\":\"New Zealand\",\"countryCode\":\"NZ\",\"currency\":\"NZD\",\"currencySymbol\":\"$\"}]}"}

======DEBUG INFO ENDS========



2020/12/25----04:16:33pm
======DEBUG INFO STARTS======
REQUEST:

GET /v3/configuration? HTTP/1.1
Host: api.uat.genoapay.com
User-Agent: MageBinary BinaryPay API Integration Engine
api-version: v3
Content-Type: application/com.genoapay.ecom-v3.0+json
Accept: application/com.genoapay.ecom-v3.0+json
Authorization: Bearer 9dbe5dde-8a87-4d2e-b7c2-301c14f82254



RESPONSE:
{"status":200,"body":"{\"name\":\"Genoapay\",\"description\":\"<p>With Genoapay you can pay for your products or services over 10 weekly payments, with NO interest and NO fees.<br \/>All you need to get approved is a New Zealand driver licence or passport and a valid Debit or Credit card.<p><p>When selecting Genoapay you will be redirected to a secure payments page to complete your purchase.<\/p>\",\"minimumAmount\":20.00,\"maximumAmount\":1500,\"availability\":[{\"country\":\"New Zealand\",\"countryCode\":\"NZ\",\"currency\":\"NZD\",\"currencySymbol\":\"$\"}]}"}

======DEBUG INFO ENDS========



2020/12/25----04:18:44pm
======DEBUG INFO STARTS======
REQUEST:

GET /v3/configuration? HTTP/1.1
Host: api.uat.genoapay.com
User-Agent: MageBinary BinaryPay API Integration Engine
api-version: v3
Content-Type: application/com.genoapay.ecom-v3.0+json
Accept: application/com.genoapay.ecom-v3.0+json
Authorization: Bearer 9dbe5dde-8a87-4d2e-b7c2-301c14f82254



RESPONSE:
{"status":200,"body":"{\"name\":\"Genoapay\",\"description\":\"<p>With Genoapay you can pay for your products or services over 10 weekly payments, with NO interest and NO fees.<br \/>All you need to get approved is a New Zealand driver licence or passport and a valid Debit or Credit card.<p><p>When selecting Genoapay you will be redirected to a secure payments page to complete your purchase.<\/p>\",\"minimumAmount\":20.00,\"maximumAmount\":1500,\"availability\":[{\"country\":\"New Zealand\",\"countryCode\":\"NZ\",\"currency\":\"NZD\",\"currencySymbol\":\"$\"}]}"}

======DEBUG INFO ENDS========



2020/12/25----04:18:52pm
======DEBUG INFO STARTS======
REQUEST:

GET /v3/configuration? HTTP/1.1
Host: api.uat.genoapay.com
User-Agent: MageBinary BinaryPay API Integration Engine
api-version: v3
Content-Type: application/com.genoapay.ecom-v3.0+json
Accept: application/com.genoapay.ecom-v3.0+json
Authorization: Bearer 9dbe5dde-8a87-4d2e-b7c2-301c14f82254



RESPONSE:
{"status":200,"body":"{\"name\":\"Genoapay\",\"description\":\"<p>With Genoapay you can pay for your products or services over 10 weekly payments, with NO interest and NO fees.<br \/>All you need to get approved is a New Zealand driver licence or passport and a valid Debit or Credit card.<p><p>When selecting Genoapay you will be redirected to a secure payments page to complete your purchase.<\/p>\",\"minimumAmount\":20.00,\"maximumAmount\":1500,\"availability\":[{\"country\":\"New Zealand\",\"countryCode\":\"NZ\",\"currency\":\"NZD\",\"currencySymbol\":\"$\"}]}"}

======DEBUG INFO ENDS========



2020/12/25----04:18:56pm
======DEBUG INFO STARTS======
REQUEST:

GET /v3/configuration? HTTP/1.1
Host: api.uat.genoapay.com
User-Agent: MageBinary BinaryPay API Integration Engine
api-version: v3
Content-Type: application/com.genoapay.ecom-v3.0+json
Accept: application/com.genoapay.ecom-v3.0+json
Authorization: Bearer 9dbe5dde-8a87-4d2e-b7c2-301c14f82254



RESPONSE:
{"status":200,"body":"{\"name\":\"Genoapay\",\"description\":\"<p>With Genoapay you can pay for your products or services over 10 weekly payments, with NO interest and NO fees.<br \/>All you need to get approved is a New Zealand driver licence or passport and a valid Debit or Credit card.<p><p>When selecting Genoapay you will be redirected to a secure payments page to complete your purchase.<\/p>\",\"minimumAmount\":20.00,\"maximumAmount\":1500,\"availability\":[{\"country\":\"New Zealand\",\"countryCode\":\"NZ\",\"currency\":\"NZD\",\"currencySymbol\":\"$\"}]}"}

======DEBUG INFO ENDS========



2020/12/25----04:18:58pm
======DEBUG INFO STARTS======
REQUEST:

GET /v3/configuration? HTTP/1.1
Host: api.uat.genoapay.com
User-Agent: MageBinary BinaryPay API Integration Engine
api-version: v3
Content-Type: application/com.genoapay.ecom-v3.0+json
Accept: application/com.genoapay.ecom-v3.0+json
Authorization: Bearer 9dbe5dde-8a87-4d2e-b7c2-301c14f82254



RESPONSE:
{"status":200,"body":"{\"name\":\"Genoapay\",\"description\":\"<p>With Genoapay you can pay for your products or services over 10 weekly payments, with NO interest and NO fees.<br \/>All you need to get approved is a New Zealand driver licence or passport and a valid Debit or Credit card.<p><p>When selecting Genoapay you will be redirected to a secure payments page to complete your purchase.<\/p>\",\"minimumAmount\":20.00,\"maximumAmount\":1500,\"availability\":[{\"country\":\"New Zealand\",\"countryCode\":\"NZ\",\"currency\":\"NZD\",\"currencySymbol\":\"$\"}]}"}

======DEBUG INFO ENDS========



2020/12/25----04:19:22pm
======DEBUG INFO STARTS======
REQUEST:

GET /v3/configuration? HTTP/1.1
Host: api.uat.genoapay.com
User-Agent: MageBinary BinaryPay API Integration Engine
api-version: v3
Content-Type: application/com.genoapay.ecom-v3.0+json
Accept: application/com.genoapay.ecom-v3.0+json
Authorization: Bearer 9dbe5dde-8a87-4d2e-b7c2-301c14f82254



RESPONSE:
{"status":200,"body":"{\"name\":\"Genoapay\",\"description\":\"<p>With Genoapay you can pay for your products or services over 10 weekly payments, with NO interest and NO fees.<br \/>All you need to get approved is a New Zealand driver licence or passport and a valid Debit or Credit card.<p><p>When selecting Genoapay you will be redirected to a secure payments page to complete your purchase.<\/p>\",\"minimumAmount\":20.00,\"maximumAmount\":1500,\"availability\":[{\"country\":\"New Zealand\",\"countryCode\":\"NZ\",\"currency\":\"NZD\",\"currencySymbol\":\"$\"}]}"}

======DEBUG INFO ENDS========



2020/12/25----04:19:38pm
======DEBUG INFO STARTS======
REQUEST:

GET /v3/configuration? HTTP/1.1
Host: api.uat.latitudepay.com
User-Agent: MageBinary BinaryPay API Integration Engine
api-version: v3
Content-Type: application/com.latitudepay.ecom-v3.0+json
Accept: application/com.latitudepay.ecom-v3.0+json
Authorization: Bearer 9dbe5dde-8a87-4d2e-b7c2-301c14f82254



RESPONSE:
{"status":200,"body":"{\"name\":\"Genoapay\",\"description\":\"<p>With Genoapay you can pay for your products or services over 10 weekly payments, with NO interest and NO fees.<br \/>All you need to get approved is a New Zealand driver licence or passport and a valid Debit or Credit card.<p><p>When selecting Genoapay you will be redirected to a secure payments page to complete your purchase.<\/p>\",\"minimumAmount\":20.00,\"maximumAmount\":1500,\"availability\":[{\"country\":\"New Zealand\",\"countryCode\":\"NZ\",\"currency\":\"NZD\",\"currencySymbol\":\"$\"}]}"}

======DEBUG INFO ENDS========



2020/12/25----04:19:44pm
======DEBUG INFO STARTS======
REQUEST:

GET /v3/configuration? HTTP/1.1
Host: api.uat.latitudepay.com
User-Agent: MageBinary BinaryPay API Integration Engine
api-version: v3
Content-Type: application/com.latitudepay.ecom-v3.0+json
Accept: application/com.latitudepay.ecom-v3.0+json
Authorization: Bearer 9dbe5dde-8a87-4d2e-b7c2-301c14f82254



RESPONSE:
{"status":200,"body":"{\"name\":\"Genoapay\",\"description\":\"<p>With Genoapay you can pay for your products or services over 10 weekly payments, with NO interest and NO fees.<br \/>All you need to get approved is a New Zealand driver licence or passport and a valid Debit or Credit card.<p><p>When selecting Genoapay you will be redirected to a secure payments page to complete your purchase.<\/p>\",\"minimumAmount\":20.00,\"maximumAmount\":1500,\"availability\":[{\"country\":\"New Zealand\",\"countryCode\":\"NZ\",\"currency\":\"NZD\",\"currencySymbol\":\"$\"}]}"}

======DEBUG INFO ENDS========



2020/12/25----04:19:47pm
======DEBUG INFO STARTS======
REQUEST:

GET /v3/configuration? HTTP/1.1
Host: api.uat.latitudepay.com
User-Agent: MageBinary BinaryPay API Integration Engine
api-version: v3
Content-Type: application/com.latitudepay.ecom-v3.0+json
Accept: application/com.latitudepay.ecom-v3.0+json
Authorization: Bearer 9dbe5dde-8a87-4d2e-b7c2-301c14f82254



RESPONSE:
{"status":200,"body":"{\"name\":\"Genoapay\",\"description\":\"<p>With Genoapay you can pay for your products or services over 10 weekly payments, with NO interest and NO fees.<br \/>All you need to get approved is a New Zealand driver licence or passport and a valid Debit or Credit card.<p><p>When selecting Genoapay you will be redirected to a secure payments page to complete your purchase.<\/p>\",\"minimumAmount\":20.00,\"maximumAmount\":1500,\"availability\":[{\"country\":\"New Zealand\",\"countryCode\":\"NZ\",\"currency\":\"NZD\",\"currencySymbol\":\"$\"}]}"}

======DEBUG INFO ENDS========



2020/12/25----04:19:49pm
======DEBUG INFO STARTS======
REQUEST:

GET /v3/configuration? HTTP/1.1
Host: api.uat.latitudepay.com
User-Agent: MageBinary BinaryPay API Integration Engine
api-version: v3
Content-Type: application/com.latitudepay.ecom-v3.0+json
Accept: application/com.latitudepay.ecom-v3.0+json
Authorization: Bearer 9dbe5dde-8a87-4d2e-b7c2-301c14f82254



RESPONSE:
{"status":200,"body":"{\"name\":\"Genoapay\",\"description\":\"<p>With Genoapay you can pay for your products or services over 10 weekly payments, with NO interest and NO fees.<br \/>All you need to get approved is a New Zealand driver licence or passport and a valid Debit or Credit card.<p><p>When selecting Genoapay you will be redirected to a secure payments page to complete your purchase.<\/p>\",\"minimumAmount\":20.00,\"maximumAmount\":1500,\"availability\":[{\"country\":\"New Zealand\",\"countryCode\":\"NZ\",\"currency\":\"NZD\",\"currencySymbol\":\"$\"}]}"}

======DEBUG INFO ENDS========



2020/12/25----04:20:10pm
======DEBUG INFO STARTS======
REQUEST:

POST /v3/sale/online?signature=a3a61df50862e7a3f22e3d3dda060e14adabcdbc6c918fd1826ffdbd5cf9969b HTTP/1.1
Host: api.uat.latitudepay.com
User-Agent: MageBinary BinaryPay API Integration Engine
api-version: v3
Content-Type: application/com.latitudepay.ecom-v3.0+json
Accept: application/com.latitudepay.ecom-v3.0+json
Authorization: Bearer 9dbe5dde-8a87-4d2e-b7c2-301c14f82254
Content-Length: 989

{"totalAmount":{"amount":66.7,"currency":"AUD"},"returnUrls":{"successUrl":"http://ps1770.local/index.php?fc=module&module=latitude_official&controller=return","failUrl":"http://ps1770.local/index.php?fc=module&module=latitude_official&controller=return"},"reference":"YVHKAFJMZ","customer":{"mobileNumber":"0210123456","firstName":"Tyler","surname":"Nguyen","email":"tyler@magebinary.com"},"shippingAddress":{"addressLine1":"75-81 Railway Avenue","suburb":"LAVERTON","cityTown":"LAVERTON","postcode":"3028","countryCode":"New Zealand"},"billingAddress":{"addressLine1":"75-81 Railway Avenue","suburb":"LAVERTON","cityTown":"LAVERTON","postcode":"3028","countryCode":"New Zealand"},"products":[{"name":"The best is yet to come' Framed poster","price":{"amount":66.7,"currency":"AUD"},"sku":"demo_6","quantity":2,"taxIncluded":1}],"taxAmount":{"amount":8.7,"currency":"AUD"},"shippingLines":[{"carrier":"Latitude Finance Local Store","price":{"amount":0,"currency":"AUD"},"taxIncluded":1}]}

RESPONSE:
{"status":400,"body":"{\"error\":\"Products with invalid name, quantity, currency, or price were found\\nInvalid tax amount (or currency) specified, at least one cart item includes taxes\\nInvalid total amount (or currency)\\nInvalid shipping lines found\"}"}

======DEBUG INFO ENDS========



2020/12/25----04:20:19pm
======DEBUG INFO STARTS======
REQUEST:

GET /v3/configuration? HTTP/1.1
Host: api.uat.latitudepay.com
User-Agent: MageBinary BinaryPay API Integration Engine
api-version: v3
Content-Type: application/com.latitudepay.ecom-v3.0+json
Accept: application/com.latitudepay.ecom-v3.0+json
Authorization: Bearer 9dbe5dde-8a87-4d2e-b7c2-301c14f82254



RESPONSE:
{"status":200,"body":"{\"name\":\"Genoapay\",\"description\":\"<p>With Genoapay you can pay for your products or services over 10 weekly payments, with NO interest and NO fees.<br \/>All you need to get approved is a New Zealand driver licence or passport and a valid Debit or Credit card.<p><p>When selecting Genoapay you will be redirected to a secure payments page to complete your purchase.<\/p>\",\"minimumAmount\":20.00,\"maximumAmount\":1500,\"availability\":[{\"country\":\"New Zealand\",\"countryCode\":\"NZ\",\"currency\":\"NZD\",\"currencySymbol\":\"$\"}]}"}

======DEBUG INFO ENDS========



2020/12/25----04:20:52pm
======DEBUG INFO STARTS======
REQUEST:

POST /v3/sale/online?signature=f89a822730a6582cffbce09cdaf9fd5f7b12a10f4f02db7987bbf72ececc2430 HTTP/1.1
Host: api.uat.latitudepay.com
User-Agent: MageBinary BinaryPay API Integration Engine
api-version: v3
Content-Type: application/com.latitudepay.ecom-v3.0+json
Accept: application/com.latitudepay.ecom-v3.0+json
Authorization: Bearer 9dbe5dde-8a87-4d2e-b7c2-301c14f82254
Content-Length: 989

{"totalAmount":{"amount":66.7,"currency":"AUD"},"returnUrls":{"successUrl":"http://ps1770.local/index.php?fc=module&module=latitude_official&controller=return","failUrl":"http://ps1770.local/index.php?fc=module&module=latitude_official&controller=return"},"reference":"QCJMKJABK","customer":{"mobileNumber":"0210123456","firstName":"Tyler","surname":"Nguyen","email":"tyler@magebinary.com"},"shippingAddress":{"addressLine1":"75-81 Railway Avenue","suburb":"LAVERTON","cityTown":"LAVERTON","postcode":"3028","countryCode":"New Zealand"},"billingAddress":{"addressLine1":"75-81 Railway Avenue","suburb":"LAVERTON","cityTown":"LAVERTON","postcode":"3028","countryCode":"New Zealand"},"products":[{"name":"The best is yet to come' Framed poster","price":{"amount":66.7,"currency":"AUD"},"sku":"demo_6","quantity":2,"taxIncluded":1}],"taxAmount":{"amount":8.7,"currency":"AUD"},"shippingLines":[{"carrier":"Latitude Finance Local Store","price":{"amount":0,"currency":"AUD"},"taxIncluded":1}]}

RESPONSE:
{"status":400,"body":"{\"error\":\"Products with invalid name, quantity, currency, or price were found\\nInvalid tax amount (or currency) specified, at least one cart item includes taxes\\nInvalid total amount (or currency)\\nInvalid shipping lines found\"}"}

======DEBUG INFO ENDS========



2020/12/25----04:21:19pm
======DEBUG INFO STARTS======
REQUEST:

GET /v3/configuration? HTTP/1.1
Host: api.uat.latitudepay.com
User-Agent: MageBinary BinaryPay API Integration Engine
api-version: v3
Content-Type: application/com.latitudepay.ecom-v3.0+json
Accept: application/com.latitudepay.ecom-v3.0+json
Authorization: Bearer 9dbe5dde-8a87-4d2e-b7c2-301c14f82254



RESPONSE:
{"status":200,"body":"{\"name\":\"Genoapay\",\"description\":\"<p>With Genoapay you can pay for your products or services over 10 weekly payments, with NO interest and NO fees.<br \/>All you need to get approved is a New Zealand driver licence or passport and a valid Debit or Credit card.<p><p>When selecting Genoapay you will be redirected to a secure payments page to complete your purchase.<\/p>\",\"minimumAmount\":20.00,\"maximumAmount\":1500,\"availability\":[{\"country\":\"New Zealand\",\"countryCode\":\"NZ\",\"currency\":\"NZD\",\"currencySymbol\":\"$\"}]}"}

======DEBUG INFO ENDS========



2020/12/25----04:23:25pm
======DEBUG INFO STARTS======
REQUEST:

GET /v3/configuration? HTTP/1.1
Host: api.uat.latitudepay.com
User-Agent: MageBinary BinaryPay API Integration Engine
api-version: v3
Content-Type: application/com.latitudepay.ecom-v3.0+json
Accept: application/com.latitudepay.ecom-v3.0+json
Authorization: Bearer 9dbe5dde-8a87-4d2e-b7c2-301c14f82254



RESPONSE:
{"status":200,"body":"{\"name\":\"Genoapay\",\"description\":\"<p>With Genoapay you can pay for your products or services over 10 weekly payments, with NO interest and NO fees.<br \/>All you need to get approved is a New Zealand driver licence or passport and a valid Debit or Credit card.<p><p>When selecting Genoapay you will be redirected to a secure payments page to complete your purchase.<\/p>\",\"minimumAmount\":20.00,\"maximumAmount\":1500,\"availability\":[{\"country\":\"New Zealand\",\"countryCode\":\"NZ\",\"currency\":\"NZD\",\"currencySymbol\":\"$\"}]}"}

======DEBUG INFO ENDS========



2020/12/25----04:23:42pm
======DEBUG INFO STARTS======
REQUEST:

POST /v3/sale/online?signature=f375010d2e99b2c0715b1d89150940f3d71156d8e4d0c8385c943c83e69c2823 HTTP/1.1
Host: api.uat.latitudepay.com
User-Agent: MageBinary BinaryPay API Integration Engine
api-version: v3
Content-Type: application/com.latitudepay.ecom-v3.0+json
Accept: application/com.latitudepay.ecom-v3.0+json
Authorization: Bearer 9dbe5dde-8a87-4d2e-b7c2-301c14f82254
Content-Length: 989

{"totalAmount":{"amount":66.7,"currency":"AUD"},"returnUrls":{"successUrl":"http://ps1770.local/index.php?fc=module&module=latitude_official&controller=return","failUrl":"http://ps1770.local/index.php?fc=module&module=latitude_official&controller=return"},"reference":"GVFCFSCSS","customer":{"mobileNumber":"0210123456","firstName":"Tyler","surname":"Nguyen","email":"tyler@magebinary.com"},"shippingAddress":{"addressLine1":"75-81 Railway Avenue","suburb":"LAVERTON","cityTown":"LAVERTON","postcode":"3028","countryCode":"New Zealand"},"billingAddress":{"addressLine1":"75-81 Railway Avenue","suburb":"LAVERTON","cityTown":"LAVERTON","postcode":"3028","countryCode":"New Zealand"},"products":[{"name":"The best is yet to come' Framed poster","price":{"amount":66.7,"currency":"AUD"},"sku":"demo_6","quantity":2,"taxIncluded":1}],"taxAmount":{"amount":8.7,"currency":"AUD"},"shippingLines":[{"carrier":"Latitude Finance Local Store","price":{"amount":0,"currency":"AUD"},"taxIncluded":1}]}

RESPONSE:
{"status":400,"body":"{\"error\":\"Products with invalid name, quantity, currency, or price were found\\nInvalid tax amount (or currency) specified, at least one cart item includes taxes\\nInvalid total amount (or currency)\\nInvalid shipping lines found\"}"}

======DEBUG INFO ENDS========



2020/12/25----04:24:09pm
======DEBUG INFO STARTS======
REQUEST:

GET /v3/configuration? HTTP/1.1
Host: api.uat.latitudepay.com
User-Agent: MageBinary BinaryPay API Integration Engine
api-version: v3
Content-Type: application/com.latitudepay.ecom-v3.0+json
Accept: application/com.latitudepay.ecom-v3.0+json
Authorization: Bearer 9dbe5dde-8a87-4d2e-b7c2-301c14f82254



RESPONSE:
{"status":200,"body":"{\"name\":\"Genoapay\",\"description\":\"<p>With Genoapay you can pay for your products or services over 10 weekly payments, with NO interest and NO fees.<br \/>All you need to get approved is a New Zealand driver licence or passport and a valid Debit or Credit card.<p><p>When selecting Genoapay you will be redirected to a secure payments page to complete your purchase.<\/p>\",\"minimumAmount\":20.00,\"maximumAmount\":1500,\"availability\":[{\"country\":\"New Zealand\",\"countryCode\":\"NZ\",\"currency\":\"NZD\",\"currencySymbol\":\"$\"}]}"}

======DEBUG INFO ENDS========



2020/12/25----04:24:16pm
======DEBUG INFO STARTS======
REQUEST:

POST /v3/sale/online?signature=42a966559409fe34ba06c14bdb0c4c4294c8186c3262a34d366ddcac580557c0 HTTP/1.1
Host: api.uat.latitudepay.com
User-Agent: MageBinary BinaryPay API Integration Engine
api-version: v3
Content-Type: application/com.latitudepay.ecom-v3.0+json
Accept: application/com.latitudepay.ecom-v3.0+json
Authorization: Bearer 9dbe5dde-8a87-4d2e-b7c2-301c14f82254
Content-Length: 989

{"totalAmount":{"amount":66.7,"currency":"AUD"},"returnUrls":{"successUrl":"http://ps1770.local/index.php?fc=module&module=latitude_official&controller=return","failUrl":"http://ps1770.local/index.php?fc=module&module=latitude_official&controller=return"},"reference":"KYQQLLIQH","customer":{"mobileNumber":"0210123456","firstName":"Tyler","surname":"Nguyen","email":"tyler@magebinary.com"},"shippingAddress":{"addressLine1":"75-81 Railway Avenue","suburb":"LAVERTON","cityTown":"LAVERTON","postcode":"3028","countryCode":"New Zealand"},"billingAddress":{"addressLine1":"75-81 Railway Avenue","suburb":"LAVERTON","cityTown":"LAVERTON","postcode":"3028","countryCode":"New Zealand"},"products":[{"name":"The best is yet to come' Framed poster","price":{"amount":66.7,"currency":"AUD"},"sku":"demo_6","quantity":2,"taxIncluded":1}],"taxAmount":{"amount":8.7,"currency":"AUD"},"shippingLines":[{"carrier":"Latitude Finance Local Store","price":{"amount":0,"currency":"AUD"},"taxIncluded":1}]}

RESPONSE:
{"status":400,"body":"{\"error\":\"Products with invalid name, quantity, currency, or price were found\\nInvalid tax amount (or currency) specified, at least one cart item includes taxes\\nInvalid total amount (or currency)\\nInvalid shipping lines found\"}"}

======DEBUG INFO ENDS========



2020/12/25----04:26:02pm
======DEBUG INFO STARTS======
REQUEST:

GET /v3/configuration? HTTP/1.1
Host: api.uat.latitudepay.com
User-Agent: MageBinary BinaryPay API Integration Engine
api-version: v3
Content-Type: application/com.latitudepay.ecom-v3.0+json
Accept: application/com.latitudepay.ecom-v3.0+json
Authorization: Bearer 9dbe5dde-8a87-4d2e-b7c2-301c14f82254



RESPONSE:
{"status":200,"body":"{\"name\":\"Genoapay\",\"description\":\"<p>With Genoapay you can pay for your products or services over 10 weekly payments, with NO interest and NO fees.<br \/>All you need to get approved is a New Zealand driver licence or passport and a valid Debit or Credit card.<p><p>When selecting Genoapay you will be redirected to a secure payments page to complete your purchase.<\/p>\",\"minimumAmount\":20.00,\"maximumAmount\":1500,\"availability\":[{\"country\":\"New Zealand\",\"countryCode\":\"NZ\",\"currency\":\"NZD\",\"currencySymbol\":\"$\"}]}"}

======DEBUG INFO ENDS========



2020/12/25----04:26:50pm
======DEBUG INFO STARTS======
REQUEST:

GET /v3/configuration? HTTP/1.1
Host: api.uat.latitudepay.com
User-Agent: MageBinary BinaryPay API Integration Engine
api-version: v3
Content-Type: application/com.latitudepay.ecom-v3.0+json
Accept: application/com.latitudepay.ecom-v3.0+json
Authorization: Bearer 7ecc1bc8-2513-4ac7-b5f1-78e0ca6eed5a



RESPONSE:
{"status":200,"body":"{\"name\":\"LatitudePay\",\"description\":\"<p>With LatitudePay you can pay for your products or services over 10 weekly payments, with NO interest and NO fees.<br \/>All you need to get approved is a Australian driver licence or passport and a valid Debit or Credit card.<p><p>When selecting LatitudePay you will be redirected to a secure payments page to complete your purchase.<\/p>\",\"minimumAmount\":20.00,\"maximumAmount\":1500,\"availability\":[{\"country\":\"Australia\",\"countryCode\":\"AU\",\"currency\":\"AUD\",\"currencySymbol\":\"$\"}]}"}

======DEBUG INFO ENDS========



2020/12/25----04:27:02pm
======DEBUG INFO STARTS======
REQUEST:

GET /v3/configuration? HTTP/1.1
Host: api.uat.latitudepay.com
User-Agent: MageBinary BinaryPay API Integration Engine
api-version: v3
Content-Type: application/com.latitudepay.ecom-v3.0+json
Accept: application/com.latitudepay.ecom-v3.0+json
Authorization: Bearer 7ecc1bc8-2513-4ac7-b5f1-78e0ca6eed5a



RESPONSE:
{"status":200,"body":"{\"name\":\"LatitudePay\",\"description\":\"<p>With LatitudePay you can pay for your products or services over 10 weekly payments, with NO interest and NO fees.<br \/>All you need to get approved is a Australian driver licence or passport and a valid Debit or Credit card.<p><p>When selecting LatitudePay you will be redirected to a secure payments page to complete your purchase.<\/p>\",\"minimumAmount\":20.00,\"maximumAmount\":1500,\"availability\":[{\"country\":\"Australia\",\"countryCode\":\"AU\",\"currency\":\"AUD\",\"currencySymbol\":\"$\"}]}"}

======DEBUG INFO ENDS========



2020/12/25----04:27:09pm
======DEBUG INFO STARTS======
REQUEST:

GET /v3/configuration? HTTP/1.1
Host: api.uat.latitudepay.com
User-Agent: MageBinary BinaryPay API Integration Engine
api-version: v3
Content-Type: application/com.latitudepay.ecom-v3.0+json
Accept: application/com.latitudepay.ecom-v3.0+json
Authorization: Bearer 7ecc1bc8-2513-4ac7-b5f1-78e0ca6eed5a



RESPONSE:
{"status":200,"body":"{\"name\":\"LatitudePay\",\"description\":\"<p>With LatitudePay you can pay for your products or services over 10 weekly payments, with NO interest and NO fees.<br \/>All you need to get approved is a Australian driver licence or passport and a valid Debit or Credit card.<p><p>When selecting LatitudePay you will be redirected to a secure payments page to complete your purchase.<\/p>\",\"minimumAmount\":20.00,\"maximumAmount\":1500,\"availability\":[{\"country\":\"Australia\",\"countryCode\":\"AU\",\"currency\":\"AUD\",\"currencySymbol\":\"$\"}]}"}

======DEBUG INFO ENDS========



2020/12/25----04:27:11pm
======DEBUG INFO STARTS======
REQUEST:

GET /v3/configuration? HTTP/1.1
Host: api.uat.latitudepay.com
User-Agent: MageBinary BinaryPay API Integration Engine
api-version: v3
Content-Type: application/com.latitudepay.ecom-v3.0+json
Accept: application/com.latitudepay.ecom-v3.0+json
Authorization: Bearer 7ecc1bc8-2513-4ac7-b5f1-78e0ca6eed5a



RESPONSE:
{"status":200,"body":"{\"name\":\"LatitudePay\",\"description\":\"<p>With LatitudePay you can pay for your products or services over 10 weekly payments, with NO interest and NO fees.<br \/>All you need to get approved is a Australian driver licence or passport and a valid Debit or Credit card.<p><p>When selecting LatitudePay you will be redirected to a secure payments page to complete your purchase.<\/p>\",\"minimumAmount\":20.00,\"maximumAmount\":1500,\"availability\":[{\"country\":\"Australia\",\"countryCode\":\"AU\",\"currency\":\"AUD\",\"currencySymbol\":\"$\"}]}"}

======DEBUG INFO ENDS========



2020/12/25----04:27:15pm
======DEBUG INFO STARTS======
REQUEST:

GET /v3/configuration? HTTP/1.1
Host: api.uat.latitudepay.com
User-Agent: MageBinary BinaryPay API Integration Engine
api-version: v3
Content-Type: application/com.latitudepay.ecom-v3.0+json
Accept: application/com.latitudepay.ecom-v3.0+json
Authorization: Bearer 7ecc1bc8-2513-4ac7-b5f1-78e0ca6eed5a



RESPONSE:
{"status":200,"body":"{\"name\":\"LatitudePay\",\"description\":\"<p>With LatitudePay you can pay for your products or services over 10 weekly payments, with NO interest and NO fees.<br \/>All you need to get approved is a Australian driver licence or passport and a valid Debit or Credit card.<p><p>When selecting LatitudePay you will be redirected to a secure payments page to complete your purchase.<\/p>\",\"minimumAmount\":20.00,\"maximumAmount\":1500,\"availability\":[{\"country\":\"Australia\",\"countryCode\":\"AU\",\"currency\":\"AUD\",\"currencySymbol\":\"$\"}]}"}

======DEBUG INFO ENDS========



2020/12/25----04:27:44pm
======DEBUG INFO STARTS======
REQUEST:

POST /v3/sale/online?signature=e525051790a540744363bdbc091beef5eed390fe06bbb90a6a2550101300992b HTTP/1.1
Host: api.uat.latitudepay.com
User-Agent: MageBinary BinaryPay API Integration Engine
api-version: v3
Content-Type: application/com.latitudepay.ecom-v3.0+json
Accept: application/com.latitudepay.ecom-v3.0+json
Authorization: Bearer 7ecc1bc8-2513-4ac7-b5f1-78e0ca6eed5a
Content-Length: 995

{"totalAmount":{"amount":100.05,"currency":"AUD"},"returnUrls":{"successUrl":"http://ps1770.local/index.php?fc=module&module=latitude_official&controller=return","failUrl":"http://ps1770.local/index.php?fc=module&module=latitude_official&controller=return"},"reference":"CQYOAYMPI","customer":{"mobileNumber":"0210123456","firstName":"Tyler","surname":"Nguyen","email":"tyler@magebinary.com"},"shippingAddress":{"addressLine1":"75-81 Railway Avenue","suburb":"LAVERTON","cityTown":"LAVERTON","postcode":"3028","countryCode":"New Zealand"},"billingAddress":{"addressLine1":"75-81 Railway Avenue","suburb":"LAVERTON","cityTown":"LAVERTON","postcode":"3028","countryCode":"New Zealand"},"products":[{"name":"The best is yet to come' Framed poster","price":{"amount":100.05,"currency":"AUD"},"sku":"demo_6","quantity":3,"taxIncluded":1}],"taxAmount":{"amount":13.05,"currency":"AUD"},"shippingLines":[{"carrier":"Latitude Finance Local Store","price":{"amount":0,"currency":"AUD"},"taxIncluded":1}]}

RESPONSE:
{"status":200,"body":"{\"token\":\"d3c4cb80-250b-4988-8104-1133291e71ca\",\"paymentUrl\":\"https:\/\/app.uat.latitudepay.com\/r\/VMHAUSRW\",\"expiryDate\":\"2020-12-26T14:27:44+11:00\"}"}

======DEBUG INFO ENDS========



2020/12/25----04:59:48pm
======DEBUG INFO STARTS======
REQUEST:

GET /v3/configuration? HTTP/1.1
Host: api.uat.latitudepay.com
User-Agent: MageBinary BinaryPay API Integration Engine
api-version: v3
Content-Type: application/com.latitudepay.ecom-v3.0+json
Accept: application/com.latitudepay.ecom-v3.0+json
Authorization: Bearer 05b3872c-1728-430c-98d1-19d36060cbc6



RESPONSE:
{"status":200,"body":"{\"name\":\"LatitudePay\",\"description\":\"<p>With LatitudePay you can pay for your products or services over 10 weekly payments, with NO interest and NO fees.<br \/>All you need to get approved is a Australian driver licence or passport and a valid Debit or Credit card.<p><p>When selecting LatitudePay you will be redirected to a secure payments page to complete your purchase.<\/p>\",\"minimumAmount\":20.00,\"maximumAmount\":1500,\"availability\":[{\"country\":\"Australia\",\"countryCode\":\"AU\",\"currency\":\"AUD\",\"currencySymbol\":\"$\"}]}"}

======DEBUG INFO ENDS========



2020/12/25----05:01:24pm
======DEBUG INFO STARTS======
REQUEST:

GET /v3/configuration? HTTP/1.1
Host: api.uat.latitudepay.com
User-Agent: MageBinary BinaryPay API Integration Engine
api-version: v3
Content-Type: application/com.latitudepay.ecom-v3.0+json
Accept: application/com.latitudepay.ecom-v3.0+json
Authorization: Bearer 05b3872c-1728-430c-98d1-19d36060cbc6



RESPONSE:
{"status":200,"body":"{\"name\":\"LatitudePay\",\"description\":\"<p>With LatitudePay you can pay for your products or services over 10 weekly payments, with NO interest and NO fees.<br \/>All you need to get approved is a Australian driver licence or passport and a valid Debit or Credit card.<p><p>When selecting LatitudePay you will be redirected to a secure payments page to complete your purchase.<\/p>\",\"minimumAmount\":20.00,\"maximumAmount\":1500,\"availability\":[{\"country\":\"Australia\",\"countryCode\":\"AU\",\"currency\":\"AUD\",\"currencySymbol\":\"$\"}]}"}

======DEBUG INFO ENDS========


